<?xml version="1.0" encoding="UTF-8"?>
<!-- Generated by org.testng.reporters.JUnitReportReporter -->
<testsuite skipped="0" hostname="IBM971-PC07QEZT" name="com.training.sanity.tests.TC02" tests="1" failures="0" timestamp="01 Sep 2019 16:28:38 GMT" time="100.688" errors="0">
  <testcase name="validLoginTest" time="100.688" classname="com.training.sanity.tests.TC02"/>
</testsuite> <!-- com.training.sanity.tests.TC02 -->
