<?xml version="1.0" encoding="UTF-8"?>
<!-- Generated by org.testng.reporters.JUnitReportReporter -->
<testsuite skipped="0" hostname="IBM971-PC07QEZT" name="com.training.sanity.tests.TC03" tests="1" failures="0" timestamp="01 Sep 2019 17:37:22 GMT" time="161.651" errors="0">
  <testcase name="validLoginTest" time="161.651" classname="com.training.sanity.tests.TC03"/>
</testsuite> <!-- com.training.sanity.tests.TC03 -->
